Start testing: Aug 21 16:54 +03
----------------------------------------------------------
1/1 Testing: pager_test
1/1 Test: pager_test
Command: "/Users/huseyintenlik/minidb_cpp/build/pager_test"
Directory: /Users/huseyintenlik/minidb_cpp/build
"pager_test" start time: Aug 21 16:54 +03
Output:
----------------------------------------------------------
pager_test passed
<end of output>
Test time =   0.01 sec
----------------------------------------------------------
Test Passed.
"pager_test" end time: Aug 21 16:54 +03
"pager_test" time elapsed: 00:00:00
----------------------------------------------------------

End testing: Aug 21 16:54 +03
